<?xml version="1.0" encoding="UTF-8"?>
<testng-results skipped="1" failed="1" ignored="0" total="4" passed="2">
  <reporter-output>
  </reporter-output>
  <suite name="Default suite" duration-ms="54406" started-at="2020-03-22T20:48:39Z" finished-at="2020-03-22T20:49:33Z">
    <groups>
    </groups>
    <test name="Default test" duration-ms="54406" started-at="2020-03-22T20:48:39Z" finished-at="2020-03-22T20:49:33Z">
      <class name="imdbTest.Test_GetTop250MovieDetails">
        <test-method status="PASS" signature="droptable()[pri:0, instance:imdbTest.Test_GetTop250MovieDetails@c41709a]" name="droptable" is-config="true" duration-ms="190" started-at="2020-03-23T02:18:39Z" finished-at="2020-03-23T02:18:39Z">
          <reporter-output>
          </reporter-output>
        </test-method> <!-- droptable -->
        <test-method status="PASS" signature="GetURL()[pri:0, instance:imdbTest.Test_GetTop250MovieDetails@c41709a]" name="GetURL" duration-ms="5454" started-at="2020-03-23T02:18:39Z" finished-at="2020-03-23T02:18:45Z">
          <reporter-output>
          </reporter-output>
        </test-method> <!-- GetURL -->
        <test-method status="PASS" signature="NavigateInIMDB()[pri:0, instance:imdbTest.Test_GetTop250MovieDetails@c41709a]" name="NavigateInIMDB" duration-ms="12998" started-at="2020-03-23T02:18:45Z" depends-on-methods="imdbTest.Test_GetTop250MovieDetails.GetURL" finished-at="2020-03-23T02:18:58Z">
          <reporter-output>
          </reporter-output>
        </test-method> <!-- NavigateInIMDB -->
        <test-method status="FAIL" signature="FetchData()[pri:0, instance:imdbTest.Test_GetTop250MovieDetails@c41709a]" name="FetchData" duration-ms="35719" started-at="2020-03-23T02:18:58Z" depends-on-methods="imdbTest.Test_GetTop250MovieDetails.GetURL, imdbTest.Test_GetTop250MovieDetails.NavigateInIMDB" finished-at="2020-03-23T02:19:33Z">
          <exception class="java.lang.IndexOutOfBoundsException">
            <message>
              <![CDATA[Index: 0, Size: 0]]>
            </message>
            <full-stacktrace>
              <![CDATA[java.lang.IndexOutOfBoundsException: Index: 0, Size: 0
	at java.util.ArrayList.rangeCheck(ArrayList.java:657)
	at java.util.ArrayList.get(ArrayList.java:433)
	at imdbTest.Test_GetTop250MovieDetails.FetchData(Test_GetTop250MovieDetails.java:83)
	at sun.reflect.NativeMethodAccessorImpl.invoke0(Native Method)
	at sun.reflect.NativeMethodAccessorImpl.invoke(NativeMethodAccessorImpl.java:62)
	at sun.reflect.DelegatingMethodAccessorImpl.invoke(DelegatingMethodAccessorImpl.java:43)
	at java.lang.reflect.Method.invoke(Method.java:498)
	at org.testng.internal.MethodInvocationHelper.invokeMethod(MethodInvocationHelper.java:108)
	at org.testng.internal.Invoker.invokeMethod(Invoker.java:661)
	at org.testng.internal.Invoker.invokeTestMethod(Invoker.java:869)
	at org.testng.internal.Invoker.invokeTestMethods(Invoker.java:1193)
	at org.testng.internal.TestMethodWorker.invokeTestMethods(TestMethodWorker.java:126)
	at org.testng.internal.TestMethodWorker.run(TestMethodWorker.java:109)
	at org.testng.TestRunner.privateRun(TestRunner.java:744)
	at org.testng.TestRunner.run(TestRunner.java:602)
	at org.testng.SuiteRunner.runTest(SuiteRunner.java:380)
	at org.testng.SuiteRunner.runSequentially(SuiteRunner.java:375)
	at org.testng.SuiteRunner.privateRun(SuiteRunner.java:340)
	at org.testng.SuiteRunner.run(SuiteRunner.java:289)
	at org.testng.SuiteRunnerWorker.runSuite(SuiteRunnerWorker.java:52)
	at org.testng.SuiteRunnerWorker.run(SuiteRunnerWorker.java:86)
	at org.testng.TestNG.runSuitesSequentially(TestNG.java:1301)
	at org.testng.TestNG.runSuitesLocally(TestNG.java:1226)
	at org.testng.TestNG.runSuites(TestNG.java:1144)
	at org.testng.TestNG.run(TestNG.java:1115)
	at org.testng.remote.AbstractRemoteTestNG.run(AbstractRemoteTestNG.java:132)
	at org.testng.remote.RemoteTestNG.initAndRun(RemoteTestNG.java:230)
	at org.testng.remote.RemoteTestNG.main(RemoteTestNG.java:76)
]]>
            </full-stacktrace>
          </exception> <!-- java.lang.IndexOutOfBoundsException -->
          <reporter-output>
          </reporter-output>
        </test-method> <!-- FetchData -->
        <test-method status="SKIP" signature="CreateFile()[pri:0, instance:imdbTest.Test_GetTop250MovieDetails@c41709a]" name="CreateFile" duration-ms="0" started-at="2020-03-23T02:19:33Z" depends-on-methods="imdbTest.Test_GetTop250MovieDetails.GetURL, imdbTest.Test_GetTop250MovieDetails.NavigateInIMDB, imdbTest.Test_GetTop250MovieDetails.FetchData" finished-at="2020-03-23T02:19:33Z">
          <exception class="java.lang.Throwable">
            <message>
              <![CDATA[Method Test_GetTop250MovieDetails.CreateFile()[pri:0, instance:imdbTest.Test_GetTop250MovieDetails@c41709a] depends on not successfully finished methods]]>
            </message>
            <full-stacktrace>
              <![CDATA[java.lang.Throwable: Method Test_GetTop250MovieDetails.CreateFile()[pri:0, instance:imdbTest.Test_GetTop250MovieDetails@c41709a] depends on not successfully finished methods
	at org.testng.internal.Invoker.invokeTestMethods(Invoker.java:1084)
	at org.testng.internal.TestMethodWorker.invokeTestMethods(TestMethodWorker.java:126)
	at org.testng.internal.TestMethodWorker.run(TestMethodWorker.java:109)
	at org.testng.TestRunner.privateRun(TestRunner.java:744)
	at org.testng.TestRunner.run(TestRunner.java:602)
	at org.testng.SuiteRunner.runTest(SuiteRunner.java:380)
	at org.testng.SuiteRunner.runSequentially(SuiteRunner.java:375)
	at org.testng.SuiteRunner.privateRun(SuiteRunner.java:340)
	at org.testng.SuiteRunner.run(SuiteRunner.java:289)
	at org.testng.SuiteRunnerWorker.runSuite(SuiteRunnerWorker.java:52)
	at org.testng.SuiteRunnerWorker.run(SuiteRunnerWorker.java:86)
	at org.testng.TestNG.runSuitesSequentially(TestNG.java:1301)
	at org.testng.TestNG.runSuitesLocally(TestNG.java:1226)
	at org.testng.TestNG.runSuites(TestNG.java:1144)
	at org.testng.TestNG.run(TestNG.java:1115)
	at org.testng.remote.AbstractRemoteTestNG.run(AbstractRemoteTestNG.java:132)
	at org.testng.remote.RemoteTestNG.initAndRun(RemoteTestNG.java:230)
	at org.testng.remote.RemoteTestNG.main(RemoteTestNG.java:76)
]]>
            </full-stacktrace>
          </exception> <!-- java.lang.Throwable -->
          <reporter-output>
          </reporter-output>
        </test-method> <!-- CreateFile -->
      </class> <!-- imdbTest.Test_GetTop250MovieDetails -->
    </test> <!-- Default test -->
  </suite> <!-- Default suite -->
</testng-results>
