<?xml version="1.0" encoding="UTF-8"?>
<!-- Generated by org.testng.reporters.JUnitXMLReporter -->
<testsuite hostname="Pranav" name="TestCase to retrieve Movie List" tests="4" failures="0" timestamp="6 Apr 2015 14:24:21 GMT" time="507.194" errors="0">
  <testcase name="GetURL" time="13.322" classname="imdbTest.Test_GetTop250MovieDetails"/>
  <testcase name="NavigateInIMDB" time="9.411" classname="imdbTest.Test_GetTop250MovieDetails"/>
  <testcase name="FetchData" time="483.827" classname="imdbTest.Test_GetTop250MovieDetails"/>
  <testcase name="CreateFile" time="0.036" classname="imdbTest.Test_GetTop250MovieDetails"/>
</testsuite> <!-- TestCase to retrieve Movie List -->
